<?xml version="1.0" encoding="UTF-8"?>
<testsuite name="com.miage.pandemie.business.jeu.TestJeu" tests="2" skipped="0" failures="0" errors="0" timestamp="2017-05-02T14:54:46" hostname="MacBook-Air-de-Remi.local" time="0.003">
  <properties/>
  <testcase name="TestInfection" classname="com.miage.pandemie.business.jeu.TestJeu" time="0.001"/>
  <testcase name="TestInfectionPropagation" classname="com.miage.pandemie.business.jeu.TestJeu" time="0.0"/>
  <system-out><![CDATA[]]></system-out>
  <system-err><![CDATA[]]></system-err>
</testsuite>
