<?xml version="1.0" encoding="UTF-8"?>
<testsuite name="com.miage.pandemie.business.jeu.TestJeu" tests="14" skipped="0" failures="0" errors="0" timestamp="2017-05-10T15:05:31" hostname="MacBook-Air-de-Remi.local" time="0.104">
  <properties/>
  <testcase name="TestVolDirect" classname="com.miage.pandemie.business.jeu.TestJeu" time="0.044"/>
  <testcase name="TestNbAction" classname="com.miage.pandemie.business.jeu.TestJeu" time="0.002"/>
  <testcase name="TestGetCarteJoueur" classname="com.miage.pandemie.business.jeu.TestJeu" time="0.003"/>
  <testcase name="TestInitPartie" classname="com.miage.pandemie.business.jeu.TestJeu" time="0.002"/>
  <testcase name="TestGetVille" classname="com.miage.pandemie.business.jeu.TestJeu" time="0.003"/>
  <testcase name="TestTraiterMaladie" classname="com.miage.pandemie.business.jeu.TestJeu" time="0.002"/>
  <testcase name="TestInfectionPropagation" classname="com.miage.pandemie.business.jeu.TestJeu" time="0.001"/>
  <testcase name="TestConstruireUneStation" classname="com.miage.pandemie.business.jeu.TestJeu" time="0.002"/>
  <testcase name="TestVolCharter" classname="com.miage.pandemie.business.jeu.TestJeu" time="0.002"/>
  <testcase name="TestConduire" classname="com.miage.pandemie.business.jeu.TestJeu" time="0.002"/>
  <testcase name="TestFinTour" classname="com.miage.pandemie.business.jeu.TestJeu" time="0.018"/>
  <testcase name="TestVolNavette" classname="com.miage.pandemie.business.jeu.TestJeu" time="0.007"/>
  <testcase name="TestPartageConnaissancet" classname="com.miage.pandemie.business.jeu.TestJeu" time="0.001"/>
  <testcase name="TestDecouvrirRemede" classname="com.miage.pandemie.business.jeu.TestJeu" time="0.002"/>
  <system-out><![CDATA[]]></system-out>
  <system-err><![CDATA[]]></system-err>
</testsuite>
