<?xml version="1.0" encoding="UTF-8"?>
<testsuite name="com.miage.pandemie.business.jeu.TestJeu" tests="2" skipped="0" failures="0" errors="0" timestamp="2017-05-02T08:25:13" hostname="DESKTOP-J5MSOIE" time="0.0">
  <properties/>
  <testcase name="TestInfection" classname="com.miage.pandemie.business.jeu.TestJeu" time="0.0"/>
  <testcase name="TestInfectionPropagation" classname="com.miage.pandemie.business.jeu.TestJeu" time="0.0"/>
  <system-out><![CDATA[]]></system-out>
  <system-err><![CDATA[]]></system-err>
</testsuite>
